<?xml version="1.0" encoding="UTF-8" ?>
<testsuite tests="5" failures="0" name="org.seckill.service.impl.SeckillServiceImplTest" time="3.747" errors="0" skipped="0">
  <properties>
[...]
</properties>
  <testcase classname="org.seckill.service.impl.SeckillServiceImplTest" name="exportSeckillUrl" time="2.487"/>
  <testcase classname="org.seckill.service.impl.SeckillServiceImplTest" name="executeSeckill" time="0.7"/>
  <testcase classname="org.seckill.service.impl.SeckillServiceImplTest" name="getSeckillById" time="0.006"/>
  <testcase classname="org.seckill.service.impl.SeckillServiceImplTest" name="getSeckillList" time="0.066"/>
  <testcase classname="org.seckill.service.impl.SeckillServiceImplTest" name="executeSeckillByProcedure" time="0.488"/>
</testsuite>